Using pre-set license
Built from '2020.3/staging' branch; Version is '2020.3.18f1 (a7d1c678663c) revision 10998214'; Using compiler version '192528614'; Build Type 'Release'
OS: 'Windows 10 Home; OS build 19043.1415; Version 2009; 64bit' Language: 'en' Physical Memory: 32716 MB
BatchMode: 1, IsHumanControllingUs: 0, StartBugReporterOnCrash: 0, Is64bit: 1, IsPro: 0

COMMAND LINE ARGUMENTS:
C:\Program Files\Unity\Hub\Editor\2020.3.18f1\Editor\Unity.exe
-adb2
-batchMode
-noUpm
-name
AssetImportWorker0
-projectPath
C:/Users/risom/OneDrive/Desktop/skola/VAR projekt/VR-Immersion/Magic Immersion
-logFile
Logs/AssetImportWorker0.log
-srvPort
49520
Successfully changed project path to: C:/Users/risom/OneDrive/Desktop/skola/VAR projekt/VR-Immersion/Magic Immersion
C:/Users/risom/OneDrive/Desktop/skola/VAR projekt/VR-Immersion/Magic Immersion
Using Asset Import Pipeline V2.
Refreshing native plugins compatible for Editor in 107.43 ms, found 12 plugins.
Preloading 2 native plugins for Editor in 2.38 ms.
Initialize engine version: 2020.3.18f1 (a7d1c678663c)
[Subsystems] Discovering subsystems at path C:/Program Files/Unity/Hub/Editor/2020.3.18f1/Editor/Data/Resources/UnitySubsystems
[Subsystems] Discovering subsystems at path C:/Users/risom/OneDrive/Desktop/skola/VAR projekt/VR-Immersion/Magic Immersion/Assets
GfxDevice: creating device client; threaded=0
Direct3D:
    Version:  Direct3D 11.0 [level 11.1]
    Renderer: NVIDIA GeForce RTX 2070 SUPER (ID=0x1e84)
    Vendor:   
    VRAM:     8011 MB
    Driver:   30.0.14.9729
Shader 'Oculus/OVRMRCameraFrameLit': fallback shader 'Alpha-Diffuse' not found
Initialize mono
Mono path[0] = 'C:/Program Files/Unity/Hub/Editor/2020.3.18f1/Editor/Data/Managed'
Mono path[1] = 'C:/Program Files/Unity/Hub/Editor/2020.3.18f1/Editor/Data/MonoBleedingEdge/lib/mono/unityjit'
Mono config path = 'C:/Program Files/Unity/Hub/Editor/2020.3.18f1/Editor/Data/MonoBleedingEdge/etc'
Using monoOptions --debugger-agent=transport=dt_socket,embedding=1,server=y,suspend=n,address=127.0.0.1:56212
Begin MonoManager ReloadAssembly
Registering precompiled unity dll's ...
Register platform support module: C:/Program Files/Unity/Hub/Editor/2020.3.18f1/Editor/Data/PlaybackEngines/WindowsStandaloneSupport/UnityEditor.WindowsStandalone.Extensions.dll
Registered in 0.002702 seconds.
Native extension for WindowsStandalone target not found
Refreshing native plugins compatible for Editor in 79.92 ms, found 12 plugins.
Preloading 2 native plugins for Editor in 0.14 ms.
Mono: successfully reloaded assembly
- Completed reload, in  2.318 seconds
Domain Reload Profiling:
	ReloadAssembly (2318ms)
		BeginReloadAssembly (60ms)
			ExecutionOrderSort (0ms)
			DisableScriptedObjects (0ms)
			BackupInstance (0ms)
			ReleaseScriptingObjects (0ms)
			CreateAndSetChildDomain (1ms)
		EndReloadAssembly (461ms)
			LoadAssemblies (56ms)
			RebuildTransferFunctionScriptingTraits (0ms)
			SetupTypeCache (157ms)
			ReleaseScriptCaches (0ms)
			RebuildScriptCaches (28ms)
			SetupLoadedEditorAssemblies (195ms)
				LogAssemblyErrors (0ms)
				InitializePlatformSupportModulesInManaged (4ms)
				SetLoadedEditorAssemblies (0ms)
				RefreshPlugins (80ms)
				BeforeProcessingInitializeOnLoad (11ms)
				ProcessInitializeOnLoadAttributes (73ms)
				ProcessInitializeOnLoadMethodAttributes (27ms)
				AfterProcessingInitializeOnLoad (0ms)
				EditorAssembliesLoaded (0ms)
			ExecutionOrderSort2 (0ms)
			AwakeInstancesAfterBackupRestoration (0ms)
Platform modules already initialized, skipping
Registering precompiled user dll's ...
Registered in 0.012814 seconds.
Begin MonoManager ReloadAssembly
Native extension for WindowsStandalone target not found
Refreshing native plugins compatible for Editor in 1.25 ms, found 12 plugins.
Preloading 2 native plugins for Editor in 0.23 ms.
[XR] OculusXRPlugin: registering subsystems
[XR] Unable to register display lifecyle provider: [1]
[XR] Oculus Input lifecycle provider registered.
[XR] Unable to register input lifecyle provider: [1]
[XR] OVRP version 1.67.0
Mono: successfully reloaded assembly
- Completed reload, in  1.197 seconds
Domain Reload Profiling:
	ReloadAssembly (1199ms)
		BeginReloadAssembly (154ms)
			ExecutionOrderSort (0ms)
			DisableScriptedObjects (5ms)
			BackupInstance (0ms)
			ReleaseScriptingObjects (0ms)
			CreateAndSetChildDomain (21ms)
		EndReloadAssembly (973ms)
			LoadAssemblies (104ms)
			RebuildTransferFunctionScriptingTraits (0ms)
			SetupTypeCache (322ms)
			ReleaseScriptCaches (1ms)
			RebuildScriptCaches (57ms)
			SetupLoadedEditorAssemblies (385ms)
				LogAssemblyErrors (0ms)
				InitializePlatformSupportModulesInManaged (5ms)
				SetLoadedEditorAssemblies (0ms)
				RefreshPlugins (2ms)
				BeforeProcessingInitializeOnLoad (117ms)
				ProcessInitializeOnLoadAttributes (239ms)
				ProcessInitializeOnLoadMethodAttributes (13ms)
				AfterProcessingInitializeOnLoad (9ms)
				EditorAssembliesLoaded (0ms)
			ExecutionOrderSort2 (0ms)
			AwakeInstancesAfterBackupRestoration (6ms)
Platform modules already initialized, skipping
========================================================================
Worker process is ready to serve import requests
Shader 'Oculus/OVRMRCameraFrameLit': fallback shader 'Alpha-Diffuse' not found
Launched and connected shader compiler UnityShaderCompiler.exe after 0.05 seconds
Refreshing native plugins compatible for Editor in 1.10 ms, found 12 plugins.
Preloading 2 native plugins for Editor in 0.17 ms.
Unloading 2552 Unused Serialized files (Serialized files now loaded: 0)
System memory in use before: 113.5 MB.
System memory in use after: 113.7 MB.

Unloading 44 unused Assets to reduce memory usage. Loaded Objects now: 2966.
Total: 4.204700 ms (FindLiveObjects: 0.400500 ms CreateObjectMapping: 0.074700 ms MarkObjects: 3.627500 ms  DeleteObjects: 0.100000 ms)

AssetImportParameters requested are different than current active one (requested -> active):
  custom:framework-win-MediaFoundation: 216162199b28c13a410421893ffa2e32 -> 
  custom:video-decoder-ogg-theora: a1e56fd34408186e4bbccfd4996cb3dc -> 
  custom:container-muxer-webm: aa71ff27fc2769a1b78a27578f13a17b -> 
  custom:container-demuxer-webm: 4f35f7cbe854078d1ac9338744f61a02 -> 
  custom:container-demuxer-ogg: 62fdf1f143b41e24485cea50d1cbac27 -> 
  custom:video-encoder-webm-vp8: eb34c28f22e8b96e1ab97ce403110664 -> 
  custom:video-decoder-webm-vp8: 9c59270c3fd7afecdb556c50c9e8de78 -> 
  custom:audio-decoder-ogg-vorbis: bf7c407c2cedff20999df2af8eb42d56 -> 
  custom:audio-encoder-webm-vorbis: bf7c407c2cedff20999df2af8eb42d56 -> 
========================================================================
Received Import Request.
  path: Assets/Oculus/SampleFramework/Usage/CustomHands/Lightmap-0_comp_dir.png
  artifactKey: Guid(3887f5957ec7b0a4b99173c8b1f8d66c) Importer(815301076,1909f56bfc062723c751e8b465ee728b)
Start importing Assets/Oculus/SampleFramework/Usage/CustomHands/Lightmap-0_comp_dir.png using Guid(3887f5957ec7b0a4b99173c8b1f8d66c) Importer(815301076,1909f56bfc062723c751e8b465ee728b)  -> (artifact id: '95204056e740063c0ac2a11e7b4f2f9e') in 0.125639 seconds 
  Import took 0.130531 seconds .

========================================================================
Received Import Request.
  Time since last request: 0.000375 seconds.
  path: Assets/Oculus/SampleFramework/Usage/CustomHands/LightingData.asset
  artifactKey: Guid(60de2e578fcac464dab17362756f7e9b) Importer(815301076,1909f56bfc062723c751e8b465ee728b)
Start importing Assets/Oculus/SampleFramework/Usage/CustomHands/LightingData.asset using Guid(60de2e578fcac464dab17362756f7e9b) Importer(815301076,1909f56bfc062723c751e8b465ee728b)  -> (artifact id: '249491ebccfea9b4dc8e6f6b49ef1cf3') in 0.011036 seconds 
  Import took 0.015640 seconds .

========================================================================
Received Import Request.
  Time since last request: 0.000356 seconds.
  path: Assets/Oculus/SampleFramework/Usage/CustomHands/ReflectionProbe-0.exr
  artifactKey: Guid(0a345497283889f49b7c8637c2b84cb8) Importer(815301076,1909f56bfc062723c751e8b465ee728b)
Start importing Assets/Oculus/SampleFramework/Usage/CustomHands/ReflectionProbe-0.exr using Guid(0a345497283889f49b7c8637c2b84cb8) Importer(815301076,1909f56bfc062723c751e8b465ee728b)  -> (artifact id: '2dfd1eef184e0ac6cac30df3a67c5a07') in 0.072626 seconds 
  Import took 0.077963 seconds .

========================================================================
Received Import Request.
  Time since last request: 0.000404 seconds.
  path: Assets/Oculus/SampleFramework/Usage/CustomHands/Lightmap-0_comp_light.exr
  artifactKey: Guid(e2f2d08d9f455a14fad088f364a731ae) Importer(815301076,1909f56bfc062723c751e8b465ee728b)
Start importing Assets/Oculus/SampleFramework/Usage/CustomHands/Lightmap-0_comp_light.exr using Guid(e2f2d08d9f455a14fad088f364a731ae) Importer(815301076,1909f56bfc062723c751e8b465ee728b)  -> (artifact id: '1ad5caaf7b268255e482b73ee405ad64') in 0.034315 seconds 
  Import took 0.039359 seconds .

========================================================================
Received Import Request.
  Time since last request: 4.277037 seconds.
  path: Assets/Oculus/SampleFramework/Usage/MixedRealityCapture.unity
  artifactKey: Guid(24872d3c3760f23498f41ecb019ea5cd) Importer(815301076,1909f56bfc062723c751e8b465ee728b)
Start importing Assets/Oculus/SampleFramework/Usage/MixedRealityCapture.unity using Guid(24872d3c3760f23498f41ecb019ea5cd) Importer(815301076,1909f56bfc062723c751e8b465ee728b)  -> (artifact id: 'ef37e33c0873a8b41e44b40402a371ca') in 0.004319 seconds 
  Import took 0.009077 seconds .

========================================================================
Received Import Request.
  Time since last request: 1.580896 seconds.
  path: Assets/Oculus/SampleFramework/Usage/OVROverlay.unity
  artifactKey: Guid(d31b44aac77e1684d861792b23d46a8b) Importer(815301076,1909f56bfc062723c751e8b465ee728b)
Start importing Assets/Oculus/SampleFramework/Usage/OVROverlay.unity using Guid(d31b44aac77e1684d861792b23d46a8b) Importer(815301076,1909f56bfc062723c751e8b465ee728b)  -> (artifact id: '21d80220a5ec3a69be51a8d65adcc0de') in 0.004383 seconds 
  Import took 0.009846 seconds .

========================================================================
Received Import Request.
  Time since last request: 1.003304 seconds.
  path: Assets/Oculus/SampleFramework/Usage/OVROverlayCanvas.unity
  artifactKey: Guid(af6fdd821de21814caa6187d466b6d2b) Importer(815301076,1909f56bfc062723c751e8b465ee728b)
Start importing Assets/Oculus/SampleFramework/Usage/OVROverlayCanvas.unity using Guid(af6fdd821de21814caa6187d466b6d2b) Importer(815301076,1909f56bfc062723c751e8b465ee728b)  -> (artifact id: '9661fac04ac54202d86957333d2b3488') in 0.004101 seconds 
  Import took 0.009220 seconds .

========================================================================
Received Import Request.
  Time since last request: 1.281164 seconds.
  path: Assets/Oculus/SampleFramework/Usage/Passthrough.unity
  artifactKey: Guid(58e5fc2486c774a4e88ac76261268d52) Importer(815301076,1909f56bfc062723c751e8b465ee728b)
Start importing Assets/Oculus/SampleFramework/Usage/Passthrough.unity using Guid(58e5fc2486c774a4e88ac76261268d52) Importer(815301076,1909f56bfc062723c751e8b465ee728b)  -> (artifact id: '397ab6ed8109d7d189aa0a6f28dad987') in 0.003876 seconds 
  Import took 0.008834 seconds .

========================================================================
Received Import Request.
  Time since last request: 0.781075 seconds.
  path: Assets/Oculus/SampleFramework/Usage/SpatialAnchor.unity
  artifactKey: Guid(1db179c458352bf46beb307fd047d589) Importer(815301076,1909f56bfc062723c751e8b465ee728b)
Start importing Assets/Oculus/SampleFramework/Usage/SpatialAnchor.unity using Guid(1db179c458352bf46beb307fd047d589) Importer(815301076,1909f56bfc062723c751e8b465ee728b)  -> (artifact id: 'e93e2e817d6bfd34a2a774e5beeff963') in 0.003240 seconds 
  Import took 0.007878 seconds .

========================================================================
Received Import Request.
  Time since last request: 1.616046 seconds.
  path: Assets/Oculus/SampleFramework/Usage/StartScene.unity
  artifactKey: Guid(071fba5195bd4b04eab8668985aa1683) Importer(815301076,1909f56bfc062723c751e8b465ee728b)
Start importing Assets/Oculus/SampleFramework/Usage/StartScene.unity using Guid(071fba5195bd4b04eab8668985aa1683) Importer(815301076,1909f56bfc062723c751e8b465ee728b)  -> (artifact id: '8e2f80c6998126003cade729be3ddfc2') in 0.004106 seconds 
  Import took 0.009180 seconds .

========================================================================
Received Prepare
Shader 'Oculus/OVRMRCameraFrameLit': fallback shader 'Alpha-Diffuse' not found
Refreshing native plugins compatible for Editor in 19.85 ms, found 12 plugins.
Preloading 2 native plugins for Editor in 0.17 ms.
Unloading 36 Unused Serialized files (Serialized files now loaded: 0)
System memory in use before: 62.1 MB.
System memory in use after: 62.3 MB.

Unloading 36 unused Assets to reduce memory usage. Loaded Objects now: 3002.
Total: 4.963500 ms (FindLiveObjects: 0.386200 ms CreateObjectMapping: 0.072400 ms MarkObjects: 4.460700 ms  DeleteObjects: 0.042300 ms)

AssetImportParameters requested are different than current active one (requested -> active):
  custom:framework-win-MediaFoundation: 216162199b28c13a410421893ffa2e32 -> 
  custom:video-decoder-ogg-theora: a1e56fd34408186e4bbccfd4996cb3dc -> 
  custom:container-muxer-webm: aa71ff27fc2769a1b78a27578f13a17b -> 
  custom:container-demuxer-webm: 4f35f7cbe854078d1ac9338744f61a02 -> 
  custom:container-demuxer-ogg: 62fdf1f143b41e24485cea50d1cbac27 -> 
  custom:video-encoder-webm-vp8: eb34c28f22e8b96e1ab97ce403110664 -> 
  custom:video-decoder-webm-vp8: 9c59270c3fd7afecdb556c50c9e8de78 -> 
  custom:audio-decoder-ogg-vorbis: bf7c407c2cedff20999df2af8eb42d56 -> 
  custom:audio-encoder-webm-vorbis: bf7c407c2cedff20999df2af8eb42d56 -> 
========================================================================
Received Import Request.
  Time since last request: 396.429738 seconds.
  path: Assets/Oculus/SampleFramework/Usage/StartSceneSettings.lighting
  artifactKey: Guid(eba9f819899376d428886a7d2f015cbf) Importer(815301076,1909f56bfc062723c751e8b465ee728b)
Start importing Assets/Oculus/SampleFramework/Usage/StartSceneSettings.lighting using Guid(eba9f819899376d428886a7d2f015cbf) Importer(815301076,1909f56bfc062723c751e8b465ee728b) LightingSettings: switching bake backend from 1 to 0.
 -> (artifact id: 'e8bcb87cf924916b1266465a551acda4') in 0.006468 seconds 
  Import took 0.011047 seconds .

========================================================================
Received Import Request.
  Time since last request: 33.940695 seconds.
  path: Assets/Oculus/SampleFramework/Usage/Firebase.unity
  artifactKey: Guid(954eda7bd02eb444ca928648702a2b4c) Importer(815301076,1909f56bfc062723c751e8b465ee728b)
Start importing Assets/Oculus/SampleFramework/Usage/Firebase.unity using Guid(954eda7bd02eb444ca928648702a2b4c) Importer(815301076,1909f56bfc062723c751e8b465ee728b)  -> (artifact id: 'f5635a84f75d1bbbb44aefe1bde2a5be') in 0.003756 seconds 
  Import took 0.007864 seconds .

========================================================================
Received Import Request.
  Time since last request: 60.630641 seconds.
  path: Assets/XR/Loaders/Oculus Loader.asset
  artifactKey: Guid(fc2dc5df12e05446ca41d080bfa81eec) Importer(815301076,1909f56bfc062723c751e8b465ee728b)
Start importing Assets/XR/Loaders/Oculus Loader.asset using Guid(fc2dc5df12e05446ca41d080bfa81eec) Importer(815301076,1909f56bfc062723c751e8b465ee728b)  -> (artifact id: '24b55a8e582e572d99e995059eacd9ae') in 0.004316 seconds 
  Import took 0.009162 seconds .

========================================================================
Received Import Request.
  Time since last request: 0.000391 seconds.
  path: Assets/XR/Loaders/Windows MR Loader.asset
  artifactKey: Guid(df5f618d6a3a64d0c89b2ac2bc89285e) Importer(815301076,1909f56bfc062723c751e8b465ee728b)
Start importing Assets/XR/Loaders/Windows MR Loader.asset using Guid(df5f618d6a3a64d0c89b2ac2bc89285e) Importer(815301076,1909f56bfc062723c751e8b465ee728b)  -> (artifact id: '30db8abffc8f3fe9df6a78796ad00c55') in 0.005272 seconds 
  Import took 0.009137 seconds .

========================================================================
Received Import Request.
  Time since last request: 0.501867 seconds.
  path: Assets/XR/Settings/Oculus Settings.asset
  artifactKey: Guid(bfa1182bd221b4ca89619141f66f1260) Importer(815301076,1909f56bfc062723c751e8b465ee728b)
Start importing Assets/XR/Settings/Oculus Settings.asset using Guid(bfa1182bd221b4ca89619141f66f1260) Importer(815301076,1909f56bfc062723c751e8b465ee728b)  -> (artifact id: '9fc47dead4c546dff0afa55c7672d01e') in 0.004796 seconds 
  Import took 0.009358 seconds .

========================================================================
Received Import Request.
  Time since last request: 0.000411 seconds.
  path: Assets/XR/Settings/Windows MR Package Settings.asset
  artifactKey: Guid(dc5a169419fa04987b057f65238cf3ba) Importer(815301076,1909f56bfc062723c751e8b465ee728b)
Start importing Assets/XR/Settings/Windows MR Package Settings.asset using Guid(dc5a169419fa04987b057f65238cf3ba) Importer(815301076,1909f56bfc062723c751e8b465ee728b)  -> (artifact id: '3c3cdcffa34d0d72fabc61e874a69efd') in 0.007319 seconds 
  Import took 0.012348 seconds .

========================================================================
Received Import Request.
  Time since last request: 60.791767 seconds.
  path: Assets/Oculus/OculusProjectConfig.asset
  artifactKey: Guid(99c0d806eb5cbe24da5e78ee5659c393) Importer(815301076,1909f56bfc062723c751e8b465ee728b)
Start importing Assets/Oculus/OculusProjectConfig.asset using Guid(99c0d806eb5cbe24da5e78ee5659c393) Importer(815301076,1909f56bfc062723c751e8b465ee728b)  -> (artifact id: '2fac41ce5e419462c960756e71bee377') in 0.006088 seconds 
  Import took 0.010417 seconds .

========================================================================
Received Import Request.
  Time since last request: 6.184252 seconds.
  path: Assets/Oculus/SampleFramework/Usage/CustomControllers.unity
  artifactKey: Guid(e0f49aa4174f98941b88699b5fecddc0) Importer(815301076,1909f56bfc062723c751e8b465ee728b)
Start importing Assets/Oculus/SampleFramework/Usage/CustomControllers.unity using Guid(e0f49aa4174f98941b88699b5fecddc0) Importer(815301076,1909f56bfc062723c751e8b465ee728b)  -> (artifact id: '57e07b6abd7780f63ecc4e0a0a005940') in 0.003891 seconds 
  Import took 0.008468 seconds .

========================================================================
Received Import Request.
  Time since last request: 71.536870 seconds.
  path: Assets/Oculus/Avatar/Samples/Controllers/Controllers.unity
  artifactKey: Guid(2a83dd010542d2744bf59af99b4bc47c) Importer(815301076,1909f56bfc062723c751e8b465ee728b)
Start importing Assets/Oculus/Avatar/Samples/Controllers/Controllers.unity using Guid(2a83dd010542d2744bf59af99b4bc47c) Importer(815301076,1909f56bfc062723c751e8b465ee728b)  -> (artifact id: 'e9594d25f7ed0926d47fc9b6615b4c72') in 0.004556 seconds 
  Import took 0.009047 seconds .

========================================================================
Received Import Request.
  Time since last request: 89.400848 seconds.
  path: Assets/Oculus/VR/Prefabs/Cursor_Timer.prefab
  artifactKey: Guid(5a7682c244a150b49965c007720bdbb7) Importer(815301076,1909f56bfc062723c751e8b465ee728b)
Start importing Assets/Oculus/VR/Prefabs/Cursor_Timer.prefab using Guid(5a7682c244a150b49965c007720bdbb7) Importer(815301076,1909f56bfc062723c751e8b465ee728b)  -> (artifact id: '35ad1490e88f080ecce316ca30338a76') in 0.054491 seconds 
  Import took 0.059158 seconds .

========================================================================
Received Import Request.
  Time since last request: 0.000362 seconds.
  path: Assets/Oculus/VR/Prefabs/OVRCustomHandPrefab_R.prefab
  artifactKey: Guid(e201a24a09e942042b93390d0444d728) Importer(815301076,1909f56bfc062723c751e8b465ee728b)
Start importing Assets/Oculus/VR/Prefabs/OVRCustomHandPrefab_R.prefab using Guid(e201a24a09e942042b93390d0444d728) Importer(815301076,1909f56bfc062723c751e8b465ee728b)  -> (artifact id: 'f281d04a5732a0079461f63f7db0f2fc') in 0.076576 seconds 
  Import took 0.081512 seconds .

========================================================================
Received Import Request.
  Time since last request: 0.000405 seconds.
  path: Assets/Oculus/VR/Prefabs/OVRCameraRig.prefab
  artifactKey: Guid(126d619cf4daa52469682f85c1378b4a) Importer(815301076,1909f56bfc062723c751e8b465ee728b)
Start importing Assets/Oculus/VR/Prefabs/OVRCameraRig.prefab using Guid(126d619cf4daa52469682f85c1378b4a) Importer(815301076,1909f56bfc062723c751e8b465ee728b)  -> (artifact id: '02a19f763fe4f8e737c81257f6f9a32e') in 0.009085 seconds 
  Import took 0.013406 seconds .

========================================================================
Received Import Request.
  Time since last request: 0.000340 seconds.
  path: Assets/Oculus/VR/Prefabs/OVRCubemapCaptureProbe.prefab
  artifactKey: Guid(7a400e96d4650ff4e827a7e727fad81d) Importer(815301076,1909f56bfc062723c751e8b465ee728b)
Start importing Assets/Oculus/VR/Prefabs/OVRCubemapCaptureProbe.prefab using Guid(7a400e96d4650ff4e827a7e727fad81d) Importer(815301076,1909f56bfc062723c751e8b465ee728b)  -> (artifact id: '6bbc7b3ed15fbdf65e4ea5356a24c260') in 0.006652 seconds 
  Import took 0.011650 seconds .

========================================================================
Received Import Request.
  Time since last request: 0.000219 seconds.
  path: Assets/Oculus/VR/Prefabs/OVRHandPrefab.prefab
  artifactKey: Guid(835e735ca71bf78459fb2cababd74112) Importer(815301076,1909f56bfc062723c751e8b465ee728b)
Start importing Assets/Oculus/VR/Prefabs/OVRHandPrefab.prefab using Guid(835e735ca71bf78459fb2cababd74112) Importer(815301076,1909f56bfc062723c751e8b465ee728b)  -> (artifact id: 'e3659c18c696cad4bfef73cb1e0985f8') in 0.008755 seconds 
  Import took 0.012550 seconds .

========================================================================
Received Import Request.
  Time since last request: 0.000232 seconds.
  path: Assets/Oculus/VR/Prefabs/OVRPlayerController.prefab
  artifactKey: Guid(ce816f2e6abb0504092c23ed9b970dfd) Importer(815301076,1909f56bfc062723c751e8b465ee728b)
Start importing Assets/Oculus/VR/Prefabs/OVRPlayerController.prefab using Guid(ce816f2e6abb0504092c23ed9b970dfd) Importer(815301076,1909f56bfc062723c751e8b465ee728b)  -> (artifact id: 'b8dd7f5b1a5b6ef83b692ddded2a8f0d') in 0.008863 seconds 
  Import took 0.012614 seconds .

========================================================================
Received Import Request.
  Time since last request: 0.000273 seconds.
  path: Assets/Oculus/VR/Prefabs/OVRControllerPrefab.prefab
  artifactKey: Guid(d9809c5e8418bb047bf2c8ba1d1a2cec) Importer(815301076,1909f56bfc062723c751e8b465ee728b)
Start importing Assets/Oculus/VR/Prefabs/OVRControllerPrefab.prefab using Guid(d9809c5e8418bb047bf2c8ba1d1a2cec) Importer(815301076,1909f56bfc062723c751e8b465ee728b)  -> (artifact id: 'a3bee39d8d8368133e6ba572cfa6c056') in 0.390912 seconds 
  Import took 0.396266 seconds .

========================================================================
Received Import Request.
  Time since last request: 0.000445 seconds.
  path: Assets/Oculus/VR/Prefabs/OVRCustomHandPrefab_L.prefab
  artifactKey: Guid(c6a74181d4000004887343fb87b3c53a) Importer(815301076,1909f56bfc062723c751e8b465ee728b)
Start importing Assets/Oculus/VR/Prefabs/OVRCustomHandPrefab_L.prefab using Guid(c6a74181d4000004887343fb87b3c53a) Importer(815301076,1909f56bfc062723c751e8b465ee728b)  -> (artifact id: '934c3d6d9c6477aad28162f7fb80d83c') in 0.016455 seconds 
  Import took 0.021188 seconds .

========================================================================
Received Import Request.
  Time since last request: 61.505446 seconds.
  path: Assets/Oculus/VR/Scenes/ControllerModels.unity
  artifactKey: Guid(39cfe7aa0a2d46c47994d8d0308ec663) Importer(815301076,1909f56bfc062723c751e8b465ee728b)
Start importing Assets/Oculus/VR/Scenes/ControllerModels.unity using Guid(39cfe7aa0a2d46c47994d8d0308ec663) Importer(815301076,1909f56bfc062723c751e8b465ee728b)  -> (artifact id: '46594072b374ce3f433a873b5d3d5050') in 0.004035 seconds 
  Import took 0.008278 seconds .

========================================================================
Received Import Request.
  Time since last request: 20.815243 seconds.
  path: Assets/Oculus/VR/Scenes/MRC.unity
  artifactKey: Guid(c249320cff740054f973da7f7e24bd1f) Importer(815301076,1909f56bfc062723c751e8b465ee728b)
Start importing Assets/Oculus/VR/Scenes/MRC.unity using Guid(c249320cff740054f973da7f7e24bd1f) Importer(815301076,1909f56bfc062723c751e8b465ee728b)  -> (artifact id: '182e20efae98e363a07900e18f3349b4') in 0.003552 seconds 
  Import took 0.007336 seconds .

========================================================================
Received Import Request.
  Time since last request: 0.375957 seconds.
  path: Assets/Oculus/VR/Scenes/Room.unity
  artifactKey: Guid(54445976c1dbf1c49bb38ba7eba558e8) Importer(815301076,1909f56bfc062723c751e8b465ee728b)
Start importing Assets/Oculus/VR/Scenes/Room.unity using Guid(54445976c1dbf1c49bb38ba7eba558e8) Importer(815301076,1909f56bfc062723c751e8b465ee728b)  -> (artifact id: '7bc452588efe39d5a749045471f61d60') in 0.004002 seconds 
  Import took 0.008537 seconds .

========================================================================
Received Import Request.
  Time since last request: 7.993209 seconds.
  path: Assets/Oculus/VR/Scenes/SpectatorMode.unity
  artifactKey: Guid(48f290ede0df84ec8bd990c5f5026654) Importer(815301076,1909f56bfc062723c751e8b465ee728b)
Start importing Assets/Oculus/VR/Scenes/SpectatorMode.unity using Guid(48f290ede0df84ec8bd990c5f5026654) Importer(815301076,1909f56bfc062723c751e8b465ee728b)  -> (artifact id: '5e6a584f0ff90ca8adcee880b88f8c03') in 0.003873 seconds 
  Import took 0.008239 seconds .

========================================================================
Received Import Request.
  Time since last request: 17.872197 seconds.
  path: Assets/Oculus/SampleFramework/Usage/DistanceGrab.unity
  artifactKey: Guid(24f58b3f0ca02d44eaec7f50bca538f2) Importer(815301076,1909f56bfc062723c751e8b465ee728b)
Start importing Assets/Oculus/SampleFramework/Usage/DistanceGrab.unity using Guid(24f58b3f0ca02d44eaec7f50bca538f2) Importer(815301076,1909f56bfc062723c751e8b465ee728b)  -> (artifact id: 'b1585a1310e37588211af767d98de3cd') in 0.004055 seconds 
  Import took 0.009485 seconds .

========================================================================
Received Import Request.
  Time since last request: 3.269577 seconds.
  path: Assets/Oculus/SampleFramework/Usage/AppDeeplink.unity
  artifactKey: Guid(86c41af799197d64889f7269608d44e6) Importer(815301076,1909f56bfc062723c751e8b465ee728b)
Start importing Assets/Oculus/SampleFramework/Usage/AppDeeplink.unity using Guid(86c41af799197d64889f7269608d44e6) Importer(815301076,1909f56bfc062723c751e8b465ee728b)  -> (artifact id: '43c4f1408ff8ecd79cc50816b06361c9') in 0.003736 seconds 
  Import took 0.007703 seconds .

========================================================================
Received Import Request.
  Time since last request: 5.241338 seconds.
  path: Assets/Oculus/SampleFramework/Usage/StartScene.unity
  artifactKey: Guid(071fba5195bd4b04eab8668985aa1683) Importer(815301076,1909f56bfc062723c751e8b465ee728b)
Start importing Assets/Oculus/SampleFramework/Usage/StartScene.unity using Guid(071fba5195bd4b04eab8668985aa1683) Importer(815301076,1909f56bfc062723c751e8b465ee728b)  -> (artifact id: '13edd4d6ffbf42133766310dc3a8cff2') in 0.003347 seconds 
  Import took 0.007403 seconds .

========================================================================
Received Import Request.
  Time since last request: 3.115038 seconds.
  path: Assets/Oculus/SampleFramework/Usage/Stereo180Video.unity
  artifactKey: Guid(11cf8fa7bf3deb04db11bd170c0b4338) Importer(815301076,1909f56bfc062723c751e8b465ee728b)
Start importing Assets/Oculus/SampleFramework/Usage/Stereo180Video.unity using Guid(11cf8fa7bf3deb04db11bd170c0b4338) Importer(815301076,1909f56bfc062723c751e8b465ee728b)  -> (artifact id: '17f1512ff5ad7665645e8706c4c0b787') in 0.003751 seconds 
  Import took 0.007727 seconds .

========================================================================
Received Import Request.
  Time since last request: 0.579817 seconds.
  path: Assets/Oculus/SampleFramework/Usage/WidevineVideo.unity
  artifactKey: Guid(5495456b7253d31479996b9587c20927) Importer(815301076,1909f56bfc062723c751e8b465ee728b)
Start importing Assets/Oculus/SampleFramework/Usage/WidevineVideo.unity using Guid(5495456b7253d31479996b9587c20927) Importer(815301076,1909f56bfc062723c751e8b465ee728b)  -> (artifact id: '028bb88c3830d57ac9a9139c1d478f2d') in 0.003887 seconds 
  Import took 0.008325 seconds .

========================================================================
Received Import Request.
  Time since last request: 0.738118 seconds.
  path: Assets/Oculus/SampleFramework/Usage/Locomotion.unity
  artifactKey: Guid(024cd9dcd49bd8f46a6bea03aa8a21bb) Importer(815301076,1909f56bfc062723c751e8b465ee728b)
Start importing Assets/Oculus/SampleFramework/Usage/Locomotion.unity using Guid(024cd9dcd49bd8f46a6bea03aa8a21bb) Importer(815301076,1909f56bfc062723c751e8b465ee728b)  -> (artifact id: '6c9d3100dd8cb26a551554c0ba805a4e') in 0.003923 seconds 
  Import took 0.008442 seconds .

========================================================================
Received Import Request.
  Time since last request: 59.470795 seconds.
  path: Assets/Oculus/SampleFramework/Usage/AppDeeplink
  artifactKey: Guid(f6e93d62a4cce224ea7cc0650bdd1a51) Importer(815301076,1909f56bfc062723c751e8b465ee728b)
Start importing Assets/Oculus/SampleFramework/Usage/AppDeeplink using Guid(f6e93d62a4cce224ea7cc0650bdd1a51) Importer(815301076,1909f56bfc062723c751e8b465ee728b)  -> (artifact id: 'c8cf9e0e509880063bef48702ffe86dc') in 0.003800 seconds 
  Import took 0.008619 seconds .

========================================================================
Received Import Request.
  Time since last request: 1.645913 seconds.
  path: Assets/Oculus/SampleFramework/Usage/Firebase
  artifactKey: Guid(eeb86b32640026243862813f4a86c791) Importer(815301076,1909f56bfc062723c751e8b465ee728b)
Start importing Assets/Oculus/SampleFramework/Usage/Firebase using Guid(eeb86b32640026243862813f4a86c791) Importer(815301076,1909f56bfc062723c751e8b465ee728b)  -> (artifact id: '4544cc950470716eec7cbead6a333eb2') in 0.003542 seconds 
  Import took 0.008051 seconds .

========================================================================
Received Import Request.
  Time since last request: 12.886575 seconds.
  path: Assets/Oculus/SampleFramework/Usage/CustomHands.unity
  artifactKey: Guid(a4f984fcee593d2418cc61f4a993d46d) Importer(815301076,1909f56bfc062723c751e8b465ee728b)
Start importing Assets/Oculus/SampleFramework/Usage/CustomHands.unity using Guid(a4f984fcee593d2418cc61f4a993d46d) Importer(815301076,1909f56bfc062723c751e8b465ee728b)  -> (artifact id: 'fb093b88771273dbb963e31130cc78f4') in 0.003983 seconds 
  Import took 0.007992 seconds .

========================================================================
Received Prepare
Shader 'Oculus/OVRMRCameraFrameLit': fallback shader 'Alpha-Diffuse' not found
Refreshing native plugins compatible for Editor in 13.67 ms, found 12 plugins.
Preloading 2 native plugins for Editor in 0.14 ms.
Unloading 36 Unused Serialized files (Serialized files now loaded: 0)
System memory in use before: 78.3 MB.
System memory in use after: 78.6 MB.

Unloading 36 unused Assets to reduce memory usage. Loaded Objects now: 3004.
Total: 4.040000 ms (FindLiveObjects: 0.307700 ms CreateObjectMapping: 0.063900 ms MarkObjects: 3.649000 ms  DeleteObjects: 0.018500 ms)

AssetImportParameters requested are different than current active one (requested -> active):
  custom:framework-win-MediaFoundation: 216162199b28c13a410421893ffa2e32 -> 
  custom:video-decoder-ogg-theora: a1e56fd34408186e4bbccfd4996cb3dc -> 
  custom:container-muxer-webm: aa71ff27fc2769a1b78a27578f13a17b -> 
  custom:container-demuxer-webm: 4f35f7cbe854078d1ac9338744f61a02 -> 
  custom:container-demuxer-ogg: 62fdf1f143b41e24485cea50d1cbac27 -> 
  custom:video-encoder-webm-vp8: eb34c28f22e8b96e1ab97ce403110664 -> 
  custom:video-decoder-webm-vp8: 9c59270c3fd7afecdb556c50c9e8de78 -> 
  custom:audio-decoder-ogg-vorbis: bf7c407c2cedff20999df2af8eb42d56 -> 
  custom:audio-encoder-webm-vorbis: bf7c407c2cedff20999df2af8eb42d56 -> 
